((1011.9000414137886, 1144.707526652538), (1011.9000414137886, 1322.353763326269))
((1011.9000414137886, 1144.707526652538), (1165.7461952599424, 1055.8844083156723))
((1011.9000414137886, 1144.707526652538), (1165.7461952599424, 1233.5306449894035))
((1011.9000414137886, 1322.353763326269), (1011.9000414137886, 1500.0))
((1011.9000414137886, 1322.353763326269), (1165.7461952599424, 1233.5306449894035))
((1011.9000414137886, 1322.353763326269), (1165.7461952599424, 1411.1768816631345))
((1011.9000414137886, 1500.0), (1011.9000414137886, 1677.646236673731))
((1011.9000414137886, 1500.0), (1165.7461952599424, 1411.1768816631345))
((1011.9000414137886, 1500.0), (1165.7461952599424, 1588.8231183368655))
((1011.9000414137886, 1677.646236673731), (1011.9000414137886, 1855.292473347462))
((1011.9000414137886, 1677.646236673731), (1165.7461952599424, 1588.8231183368655))
((1011.9000414137886, 1677.646236673731), (1165.7461952599424, 1766.4693550105965))
((1011.9000414137886, 1855.292473347462), (1011.9000414137886, 2032.938710021193))
((1011.9000414137886, 1855.292473347462), (1165.7461952599424, 1766.4693550105965))
((1011.9000414137886, 1855.292473347462), (1165.7461952599424, 1944.1155916843275))
((1011.9000414137886, 2032.938710021193), (1011.9000414137886, 2210.584946694924))
((1011.9000414137886, 2032.938710021193), (1165.7461952599424, 1944.1155916843275))
((1011.9000414137886, 2032.938710021193), (1165.7461952599424, 2121.7618283580587))
((1011.9000414137886, 2210.584946694924), (1011.9000414137886, 2388.2311833686554))
((1011.9000414137886, 2210.584946694924), (1165.7461952599424, 2121.7618283580587))
((1011.9000414137886, 2210.584946694924), (1165.7461952599424, 2299.408065031789))
((1011.9000414137886, 2388.2311833686554), (1165.7461952599424, 2299.408065031789))
((1011.9000414137886, 2388.2311833686554), (1165.7461952599424, 2477.0543017055206))
((1011.9000414137886, 2388.2311833686554), (998.0875476297405, 2562.66513361605))
((1011.9000414137886, 611.768816631345), (1011.9000414137886, 789.415053305076))
((1011.9000414137886, 611.768816631345), (1165.7461952599424, 700.5919349682105))
((1011.9000414137886, 611.768816631345), (1176.0979928233926, 555.7636602959765))
((1011.9000414137886, 789.415053305076), (1011.9000414137886, 967.0612899788069))
((1011.9000414137886, 789.415053305076), (1165.7461952599424, 700.5919349682105))
((1011.9000414137886, 789.415053305076), (1165.7461952599424, 878.2381716419414))
((1011.9000414137886, 967.0612899788069), (1011.9000414137886, 1144.707526652538))
((1011.9000414137886, 967.0612899788069), (1165.7461952599424, 1055.8844083156723))
((1011.9000414137886, 967.0612899788069), (1165.7461952599424, 878.2381716419414))
((1018.5043535151647, 220.65233740915983), (1175.8148952052768, 319.02705823152786))
((1018.5043535151647, 220.65233740915983), (1193.4061794063823, 121.05768077435))
((1018.5043535151647, 220.65233740915983), (980.0045373743505, 461.2508858106223))
((1132.0, 2700.0), (1160.8937554029867, 2729.106993450241))
((1132.0, 300.0), (1160.8937554029867, 329.1069934502411))
((1160.8937554029867, 2729.106993450241), (1102.8930065497518, 2728.8937554029935))
((1160.8937554029867, 329.1069934502411), (1102.8930065497616, 328.89375540298397))
((1165.7461952599424, 1055.8844083156723), (1165.7461952599424, 1233.5306449894035))
((1165.7461952599424, 1055.8844083156723), (1284.269366003009, 1223.0873133110194))
((1165.7461952599424, 1055.8844083156723), (1293.935944043574, 947.49564356716))
((1165.7461952599424, 1233.5306449894035), (1165.7461952599424, 1411.1768816631345))
((1165.7461952599424, 1233.5306449894035), (1284.269366003009, 1223.0873133110194))
((1165.7461952599424, 1233.5306449894035), (1319.5923491060962, 1322.353763326269))
((1165.7461952599424, 1411.1768816631345), (1165.7461952599424, 1588.8231183368655))
((1165.7461952599424, 1411.1768816631345), (1319.5923491060962, 1322.353763326269))
((1165.7461952599424, 1411.1768816631345), (1319.5923491060962, 1500.0))
((1165.7461952599424, 1588.8231183368655), (1165.7461952599424, 1766.4693550105965))
((1165.7461952599424, 1588.8231183368655), (1319.5923491060962, 1500.0))
((1165.7461952599424, 1588.8231183368655), (1319.5923491060962, 1677.646236673731))
((1165.7461952599424, 1766.4693550105965), (1165.7461952599424, 1944.1155916843275))
((1165.7461952599424, 1766.4693550105965), (1249.3421742772227, 1819.9689463840148))
((1165.7461952599424, 1766.4693550105965), (1319.5923491060962, 1677.646236673731))
((1165.7461952599424, 1944.1155916843275), (1165.7461952599424, 2121.7618283580587))
((1165.7461952599424, 1944.1155916843275), (1249.3421742772227, 1819.9689463840148))
((1165.7461952599424, 1944.1155916843275), (1278.5718755200473, 2039.4203627925988))
((1165.7461952599424, 2121.7618283580587), (1165.7461952599424, 2299.408065031789))
((1165.7461952599424, 2121.7618283580587), (1278.5718755200473, 2039.4203627925988))
((1165.7461952599424, 2121.7618283580587), (1319.5923491060962, 2210.584946694924))
((1165.7461952599424, 2299.408065031789), (1165.7461952599424, 2477.0543017055206))
((1165.7461952599424, 2299.408065031789), (1319.5923491060962, 2210.584946694924))
((1165.7461952599424, 2299.408065031789), (1319.5923491060962, 2388.2311833686554))
((1165.7461952599424, 2477.0543017055206), (1201.1748808437653, 2665.9698241542587))
((1165.7461952599424, 2477.0543017055206), (1319.5923491060962, 2388.2311833686554))
((1165.7461952599424, 2477.0543017055206), (1381.3729195019134, 2557.9596143442395))
((1165.7461952599424, 700.5919349682105), (1165.7461952599424, 878.2381716419414))
((1165.7461952599424, 700.5919349682105), (1319.5923491060962, 611.768816631345))
((1165.7461952599424, 700.5919349682105), (1319.5923491060962, 789.415053305076))
((1165.7461952599424, 878.2381716419414), (1165.7461952599424, 1055.8844083156723))
((1165.7461952599424, 878.2381716419414), (1293.935944043574, 947.49564356716))
((1165.7461952599424, 878.2381716419414), (1319.5923491060962, 789.415053305076))
((1175.8148952052768, 319.02705823152786), (1176.0979928233926, 555.7636602959765))
((1175.8148952052768, 319.02705823152786), (1375.822808558528, 452.33458633087196))
((1175.8148952052768, 319.02705823152786), (1392.1639298459484, 263.30903736016353))
((1176.0979928233926, 555.7636602959765), (1165.7461952599424, 700.5919349682105))
((1176.0979928233926, 555.7636602959765), (1319.5923491060962, 611.768816631345))
((1176.0979928233926, 555.7636602959765), (1375.822808558528, 452.33458633087196))
((1187.5041223473038, 2851.0374625558006), (1378.9773859277125, 2769.7079815757033))
((1190.0, 242.0), (1218.8937554029867, 271.10699345024113))
((1190.0, 2700.0), (1218.8937554029867, 2729.106993450241))
((1190.0, 2758.0), (1218.8937554029867, 2787.106993450241))
((1190.0, 300.0), (1218.8937554029867, 329.1069934502411))
((1190.0, 358.0), (1218.8937554029867, 387.1069934502411))
((1191.0, 2642.0), (1219.8937554029867, 2671.106993450241))
((1193.4061794063823, 121.05768077435), (1175.8148952052768, 319.02705823152786))
((1193.4061794063823, 121.05768077435), (1392.1639298459484, 263.30903736016353))
((1201.1748808437653, 2665.9698241542587), (1187.5041223473038, 2851.0374625558006))
((1201.1748808437653, 2665.9698241542587), (1378.9773859277125, 2769.7079815757033))
((1201.1748808437653, 2665.9698241542587), (1381.3729195019134, 2557.9596143442395))
((1218.8937554029867, 271.10699345024113), (1160.8930065497593, 270.89375540298647))
((1218.8937554029867, 2729.106993450241), (1160.8930065497693, 2728.893755402977))
((1218.8937554029867, 2787.106993450241), (1160.8930065497543, 2786.893755402991))
((1218.8937554029867, 329.1069934502411), (1160.8930065497545, 328.89375540299125))
((1218.8937554029867, 387.1069934502411), (1160.8930065497545, 386.893755402991))
((1219.8937554029867, 2671.106993450241), (1161.8930065497548, 2670.8937554029912))
((1248.0, 2700.0), (1276.8937554029867, 2729.106993450241))
((1248.0, 300.0), (1276.8937554029867, 329.1069934502411))
((1249.3421742772227, 1819.9689463840148), (1278.5718755200473, 2039.4203627925988))
((1249.3421742772227, 1819.9689463840148), (1486.8470780125695, 1689.6154862876135))
((1249.3421742772227, 1819.9689463840148), (1492.5368045743194, 1923.2517656229934))
((1276.8937554029867, 2729.106993450241), (1218.8930065497836, 2728.8937554029626))
((1276.8937554029867, 329.1069934502411), (1218.8930065497643, 328.8937554029817))
((1278.5718755200473, 2039.4203627925988), (1319.5923491060962, 2210.584946694924))
((1278.5718755200473, 2039.4203627925988), (1486.8470780125695, 2159.574013477271))
((1278.5718755200473, 2039.4203627925988), (1492.5368045743194, 1923.2517656229934))
((1284.269366003009, 1223.0873133110194), (1319.5923491060962, 1322.353763326269))
((1284.269366003009, 1223.0873133110194), (1476.3689204948334, 1329.4282939159784))
((1284.269366003009, 1223.0873133110194), (1503.6741354686958, 1099.2399916494371))
((1293.935944043574, 947.49564356716), (1284.269366003009, 1223.0873133110194))
((1293.935944043574, 947.49564356716), (1473.4385029522502, 878.2381716419414))
((1293.935944043574, 947.49564356716), (1503.6741354686958, 1099.2399916494371))
((1319.5923491060962, 1322.353763326269), (1319.5923491060962, 1500.0))
((1319.5923491060962, 1322.353763326269), (1473.4385029522502, 1411.1768816631345))
((1319.5923491060962, 1322.353763326269), (1476.3689204948334, 1329.4282939159784))
((1319.5923491060962, 1500.0), (1319.5923491060962, 1677.646236673731))
((1319.5923491060962, 1500.0), (1473.4385029522502, 1411.1768816631345))
((1319.5923491060962, 1500.0), (1473.4385029522502, 1588.8231183368655))
((1319.5923491060962, 1677.646236673731), (1249.3421742772227, 1819.9689463840148))
((1319.5923491060962, 1677.646236673731), (1473.4385029522502, 1588.8231183368655))
((1319.5923491060962, 1677.646236673731), (1486.8470780125695, 1689.6154862876135))
((1319.5923491060962, 2210.584946694924), (1319.5923491060962, 2388.2311833686554))
((1319.5923491060962, 2210.584946694924), (1473.4385029522502, 2299.408065031789))
((1319.5923491060962, 2210.584946694924), (1486.8470780125695, 2159.574013477271))
((1319.5923491060962, 2388.2311833686554), (1381.3729195019134, 2557.9596143442395))
((1319.5923491060962, 2388.2311833686554), (1473.4385029522502, 2299.408065031789))
((1319.5923491060962, 2388.2311833686554), (1473.4385029522502, 2477.0543017055206))
((1319.5923491060962, 611.768816631345), (1319.5923491060962, 789.415053305076))
((1319.5923491060962, 611.768816631345), (1473.4385029522502, 522.9456982944794))
((1319.5923491060962, 611.768816631345), (1473.4385029522502, 700.5919349682105))
((1319.5923491060962, 789.415053305076), (1293.935944043574, 947.49564356716))
((1319.5923491060962, 789.415053305076), (1473.4385029522502, 700.5919349682105))
((1319.5923491060962, 789.415053305076), (1473.4385029522502, 878.2381716419414))
((1375.822808558528, 452.33458633087196), (1319.5923491060962, 611.768816631345))
((1375.822808558528, 452.33458633087196), (1473.4385029522502, 345.29946162074845))
((1375.822808558528, 452.33458633087196), (1473.4385029522502, 522.9456982944794))
((1378.9773859277125, 2769.7079815757033), (1473.4385029522502, 2654.700538379251))
((1378.9773859277125, 2769.7079815757033), (1473.4385029522502, 2832.3467750529826))
((1381.3729195019134, 2557.9596143442395), (1378.9773859277125, 2769.7079815757033))
((1381.3729195019134, 2557.9596143442395), (1473.4385029522502, 2477.0543017055206))
((1381.3729195019134, 2557.9596143442395), (1473.4385029522502, 2654.700538379251))
((1392.1639298459484, 263.30903736016353), (1375.822808558528, 452.33458633087196))
((1392.1639298459484, 263.30903736016353), (1473.4385029522502, 167.6532249470174))
((1392.1639298459484, 263.30903736016353), (1473.4385029522502, 345.29946162074845))
((1442.0, 1100.0), (1470.8937554029867, 1129.1069934502411))
((1442.0, 1900.0), (1470.8937554029867, 1929.1069934502411))
((1470.8937554029867, 1129.1069934502411), (1412.8930065497448, 1128.8937554030006))
((1470.8937554029867, 1929.1069934502411), (1412.8930065497686, 1928.893755402977))
((1473.4385029522502, 1411.1768816631345), (1473.4385029522502, 1588.8231183368655))
((1473.4385029522502, 1411.1768816631345), (1678.4190827028478, 1508.6288167305397))
((1473.4385029522502, 1588.8231183368655), (1486.8470780125695, 1689.6154862876135))
((1473.4385029522502, 1588.8231183368655), (1676.0235491286467, 1683.9094096054737))
((1473.4385029522502, 1588.8231183368655), (1678.4190827028478, 1508.6288167305397))
((1473.4385029522502, 167.6532249470174), (1473.4385029522502, 345.29946162074845))
((1473.4385029522502, 167.6532249470174), (1627.2846567984038, 256.4763432838829))
((1473.4385029522502, 167.6532249470174), (1627.2846567984038, 78.83010661015192))
((1473.4385029522502, 2299.408065031789), (1473.4385029522502, 2477.0543017055206))
((1473.4385029522502, 2299.408065031789), (1627.2846567984038, 2210.584946694924))
((1473.4385029522502, 2299.408065031789), (1627.2846567984038, 2388.2311833686554))
((1473.4385029522502, 2477.0543017055206), (1473.4385029522502, 2654.700538379251))
((1473.4385029522502, 2477.0543017055206), (1627.2846567984038, 2388.2311833686554))
((1473.4385029522502, 2477.0543017055206), (1627.2846567984038, 2565.877420042386))
((1473.4385029522502, 2654.700538379251), (1473.4385029522502, 2832.3467750529826))
((1473.4385029522502, 2654.700538379251), (1627.2846567984038, 2565.877420042386))
((1473.4385029522502, 2654.700538379251), (1627.2846567984038, 2743.5236567161173))
((1473.4385029522502, 2832.3467750529826), (1627.2846567984038, 2743.5236567161173))
((1473.4385029522502, 2832.3467750529826), (1627.2846567984038, 2921.169893389848))
((1473.4385029522502, 345.29946162074845), (1473.4385029522502, 522.9456982944794))
((1473.4385029522502, 345.29946162074845), (1627.2846567984038, 256.4763432838829))
((1473.4385029522502, 345.29946162074845), (1627.2846567984038, 434.12257995761394))
((1473.4385029522502, 522.9456982944794), (1473.4385029522502, 700.5919349682105))
((1473.4385029522502, 522.9456982944794), (1627.2846567984038, 434.12257995761394))
((1473.4385029522502, 522.9456982944794), (1627.2846567984038, 611.768816631345))
((1473.4385029522502, 700.5919349682105), (1473.4385029522502, 878.2381716419414))
((1473.4385029522502, 700.5919349682105), (1627.2846567984038, 611.768816631345))
((1473.4385029522502, 700.5919349682105), (1627.2846567984038, 789.415053305076))
((1473.4385029522502, 878.2381716419414), (1503.6741354686958, 1099.2399916494371))
((1473.4385029522502, 878.2381716419414), (1627.2846567984038, 789.415053305076))
((1476.3689204948334, 1329.4282939159784), (1473.4385029522502, 1411.1768816631345))
((1486.8470780125695, 1689.6154862876135), (1492.5368045743194, 1923.2517656229934))
((1486.8470780125695, 1689.6154862876135), (1676.0235491286467, 1683.9094096054737))
((1486.8470780125695, 2159.574013477271), (1473.4385029522502, 2299.408065031789))
((1486.8470780125695, 2159.574013477271), (1627.2846567984038, 2210.584946694924))
((1492.5368045743194, 1923.2517656229934), (1486.8470780125695, 2159.574013477271))
((1500.0, 1042.0), (1528.8937554029867, 1071.1069934502411))
((1500.0, 1100.0), (1528.8937554029867, 1129.1069934502411))
((1500.0, 1158.0), (1528.8937554029867, 1187.1069934502411))
((1500.0, 1842.0), (1528.8937554029867, 1871.1069934502411))
((1500.0, 1900.0), (1528.8937554029867, 1929.1069934502411))
((1500.0, 1958.0), (1528.8937554029867, 1987.1069934502411))
((1503.6741354686958, 1099.2399916494371), (1476.3689204948334, 1329.4282939159784))
((1528.8937554029867, 1071.1069934502411), (1470.8930065497643, 1070.8937554029817))
((1528.8937554029867, 1129.1069934502411), (1470.8930065497543, 1128.893755402991))
((1528.8937554029867, 1187.1069934502411), (1470.8930065497543, 1186.893755402991))
((1528.8937554029867, 1871.1069934502411), (1470.8930065497643, 1870.8937554029817))
((1528.8937554029867, 1929.1069934502411), (1470.8930065497643, 1928.8937554029812))
((1528.8937554029867, 1987.1069934502411), (1470.8930065497643, 1986.8937554029812))
((1558.0, 1100.0), (1586.8937554029867, 1129.106993450241))
((1558.0, 1900.0), (1586.8937554029867, 1929.1069934502411))
((1586.8937554029867, 1129.106993450241), (1528.893006549745, 1128.893755403001))
((1586.8937554029867, 1929.1069934502411), (1528.8930065497736, 1928.8937554029721))
((1627.2846567984038, 2210.584946694924), (1627.2846567984038, 2388.2311833686554))
((1627.2846567984038, 2210.584946694924), (1781.1308106445579, 2299.408065031789))
((1627.2846567984038, 2388.2311833686554), (1627.2846567984038, 2565.877420042386))
((1627.2846567984038, 2388.2311833686554), (1781.1308106445579, 2299.408065031789))
((1627.2846567984038, 2388.2311833686554), (1781.1308106445579, 2477.0543017055206))
((1627.2846567984038, 256.4763432838829), (1627.2846567984038, 434.12257995761394))
((1627.2846567984038, 256.4763432838829), (1781.1308106445579, 167.6532249470174))
((1627.2846567984038, 256.4763432838829), (1781.1308106445579, 345.29946162074845))
((1627.2846567984038, 2565.877420042386), (1627.2846567984038, 2743.5236567161173))
((1627.2846567984038, 2565.877420042386), (1781.1308106445579, 2477.0543017055206))
((1627.2846567984038, 2565.877420042386), (1781.1308106445579, 2654.700538379251))
((1627.2846567984038, 2743.5236567161173), (1627.2846567984038, 2921.169893389848))
((1627.2846567984038, 2743.5236567161173), (1781.1308106445579, 2654.700538379251))
((1627.2846567984038, 2743.5236567161173), (1781.1308106445579, 2832.3467750529826))
((1627.2846567984038, 2921.169893389848), (1781.1308106445579, 2832.3467750529826))
((1627.2846567984038, 2921.169893389848), (1934.9769644907117, 2921.169893389848))
((1627.2846567984038, 434.12257995761394), (1627.2846567984038, 611.768816631345))
((1627.2846567984038, 434.12257995761394), (1781.1308106445579, 345.29946162074845))
((1627.2846567984038, 434.12257995761394), (1781.1308106445579, 522.9456982944794))
((1627.2846567984038, 611.768816631345), (1627.2846567984038, 789.415053305076))
((1627.2846567984038, 611.768816631345), (1781.1308106445579, 522.9456982944794))
((1627.2846567984038, 611.768816631345), (1781.1308106445579, 700.5919349682105))
((1627.2846567984038, 78.83010661015192), (1627.2846567984038, 256.4763432838829))
((1627.2846567984038, 78.83010661015192), (1781.1308106445579, 167.6532249470174))
((1627.2846567984038, 78.83010661015192), (1934.9769644907117, 78.83010661015192))
((1627.2846567984038, 789.415053305076), (1781.1308106445579, 700.5919349682105))
((1678.4190827028478, 1508.6288167305397), (1676.0235491286467, 1683.9094096054737))
((1781.1308106445579, 167.6532249470174), (1781.1308106445579, 345.29946162074845))
((1781.1308106445579, 167.6532249470174), (1934.9769644907117, 256.4763432838829))
((1781.1308106445579, 167.6532249470174), (1934.9769644907117, 78.83010661015192))
((1781.1308106445579, 2299.408065031789), (1781.1308106445579, 2477.0543017055206))
((1781.1308106445579, 2477.0543017055206), (1781.1308106445579, 2654.700538379251))
((1781.1308106445579, 2477.0543017055206), (1934.9769644907117, 2565.877420042386))
((1781.1308106445579, 2654.700538379251), (1781.1308106445579, 2832.3467750529826))
((1781.1308106445579, 2654.700538379251), (1934.9769644907117, 2565.877420042386))
((1781.1308106445579, 2654.700538379251), (1934.9769644907117, 2743.5236567161173))
((1781.1308106445579, 2832.3467750529826), (1934.9769644907117, 2743.5236567161173))
((1781.1308106445579, 2832.3467750529826), (1934.9769644907117, 2921.169893389848))
((1781.1308106445579, 345.29946162074845), (1781.1308106445579, 522.9456982944794))
((1781.1308106445579, 345.29946162074845), (1934.9769644907117, 256.4763432838829))
((1781.1308106445579, 345.29946162074845), (1934.9769644907117, 434.12257995761394))
((1781.1308106445579, 522.9456982944794), (1781.1308106445579, 700.5919349682105))
((1781.1308106445579, 522.9456982944794), (1934.9769644907117, 434.12257995761394))
((1934.9769644907117, 256.4763432838829), (1934.9769644907117, 434.12257995761394))
((1934.9769644907117, 2565.877420042386), (1934.9769644907117, 2743.5236567161173))
((1934.9769644907117, 2743.5236567161173), (1934.9769644907117, 2921.169893389848))
((1934.9769644907117, 78.83010661015192), (1934.9769644907117, 256.4763432838829))
((242.66927218301936, 1055.8844083156723), (242.66927218301936, 1233.5306449894035))
((242.66927218301936, 1055.8844083156723), (348.2206277519374, 996.6839352488487))
((242.66927218301936, 1055.8844083156723), (396.51542602917317, 1144.707526652538))
((242.66927218301936, 1233.5306449894035), (242.66927218301936, 1411.1768816631345))
((242.66927218301936, 1233.5306449894035), (396.51542602917317, 1144.707526652538))
((242.66927218301936, 1233.5306449894035), (396.51542602917317, 1322.353763326269))
((242.66927218301936, 1411.1768816631345), (242.66927218301936, 1588.8231183368655))
((242.66927218301936, 1411.1768816631345), (396.51542602917317, 1322.353763326269))
((242.66927218301936, 1411.1768816631345), (396.51542602917317, 1500.0))
((242.66927218301936, 1588.8231183368655), (242.66927218301936, 1766.4693550105965))
((242.66927218301936, 1588.8231183368655), (396.51542602917317, 1500.0))
((242.66927218301936, 1588.8231183368655), (396.51542602917317, 1677.646236673731))
((242.66927218301936, 167.6532249470174), (242.66927218301936, 345.29946162074845))
((242.66927218301936, 167.6532249470174), (396.51542602917317, 256.4763432838829))
((242.66927218301936, 167.6532249470174), (396.51542602917317, 78.83010661015192))
((242.66927218301936, 1766.4693550105965), (242.66927218301936, 1944.1155916843275))
((242.66927218301936, 1766.4693550105965), (396.51542602917317, 1677.646236673731))
((242.66927218301936, 1766.4693550105965), (396.51542602917317, 1855.292473347462))
((242.66927218301936, 1944.1155916843275), (242.66927218301936, 2121.7618283580587))
((242.66927218301936, 1944.1155916843275), (357.28231653095156, 2025.0595568117217))
((242.66927218301936, 1944.1155916843275), (396.51542602917317, 1855.292473347462))
((242.66927218301936, 2121.7618283580587), (242.66927218301936, 2299.408065031789))
((242.66927218301936, 2121.7618283580587), (323.771593543887, 2269.345348295293))
((242.66927218301936, 2121.7618283580587), (357.28231653095156, 2025.0595568117217))
((242.66927218301936, 2299.408065031789), (242.66927218301936, 2477.0543017055206))
((242.66927218301936, 2299.408065031789), (323.771593543887, 2269.345348295293))
((242.66927218301936, 2299.408065031789), (396.51542602917317, 2388.2311833686554))
((242.66927218301936, 2477.0543017055206), (242.66927218301936, 2654.700538379251))
((242.66927218301936, 2477.0543017055206), (396.51542602917317, 2388.2311833686554))
((242.66927218301936, 2477.0543017055206), (396.51542602917317, 2565.877420042386))
((242.66927218301936, 2654.700538379251), (242.66927218301936, 2832.3467750529826))
((242.66927218301936, 2654.700538379251), (396.51542602917317, 2565.877420042386))
((242.66927218301936, 2654.700538379251), (396.51542602917317, 2743.5236567161173))
((242.66927218301936, 2832.3467750529826), (396.51542602917317, 2743.5236567161173))
((242.66927218301936, 2832.3467750529826), (396.51542602917317, 2921.169893389848))
((242.66927218301936, 345.29946162074845), (242.66927218301936, 522.9456982944794))
((242.66927218301936, 345.29946162074845), (396.51542602917317, 256.4763432838829))
((242.66927218301936, 345.29946162074845), (396.51542602917317, 434.12257995761394))
((242.66927218301936, 522.9456982944794), (242.66927218301936, 700.5919349682105))
((242.66927218301936, 522.9456982944794), (396.51542602917317, 434.12257995761394))
((242.66927218301936, 522.9456982944794), (396.51542602917317, 611.768816631345))
((242.66927218301936, 700.5919349682105), (242.66927218301936, 878.2381716419414))
((242.66927218301936, 700.5919349682105), (337.7424702342015, 729.1163066299197))
((242.66927218301936, 700.5919349682105), (396.51542602917317, 611.768816631345))
((242.66927218301936, 878.2381716419414), (242.66927218301936, 1055.8844083156723))
((242.66927218301936, 878.2381716419414), (337.7424702342015, 729.1163066299197))
((242.66927218301936, 878.2381716419414), (348.2206277519374, 996.6839352488487))
((323.771593543887, 2269.345348295293), (396.51542602917317, 2388.2311833686554))
((323.771593543887, 2269.345348295293), (544.9033633147544, 2141.807204293042))
((323.771593543887, 2269.345348295293), (554.2910589340763, 2392.838099965568))
((337.7424702342015, 729.1163066299197), (348.2206277519374, 996.6839352488487))
((337.7424702342015, 729.1163066299197), (543.5000336597054, 860.5328087308492))
((337.7424702342015, 729.1163066299197), (557.783778106655, 609.053909172708))
((348.2206277519374, 996.6839352488487), (396.51542602917317, 1144.707526652538))
((348.2206277519374, 996.6839352488487), (543.5000336597054, 860.5328087308492))
((348.2206277519374, 996.6839352488487), (547.305620588919, 1109.885624279934))
((357.28231653095156, 2025.0595568117217), (323.771593543887, 2269.345348295293))
((357.28231653095156, 2025.0595568117217), (544.9033633147544, 2141.807204293042))
((357.28231653095156, 2025.0595568117217), (550.1227692541386, 1907.4215750164637))
((396.51542602917317, 1144.707526652538), (396.51542602917317, 1322.353763326269))
((396.51542602917317, 1144.707526652538), (547.305620588919, 1109.885624279934))
((396.51542602917317, 1144.707526652538), (550.361579875327, 1233.5306449894035))
((396.51542602917317, 1322.353763326269), (396.51542602917317, 1500.0))
((396.51542602917317, 1322.353763326269), (550.361579875327, 1233.5306449894035))
((396.51542602917317, 1322.353763326269), (550.361579875327, 1411.1768816631345))
((396.51542602917317, 1500.0), (396.51542602917317, 1677.646236673731))
((396.51542602917317, 1500.0), (550.361579875327, 1411.1768816631345))
((396.51542602917317, 1500.0), (550.361579875327, 1588.8231183368655))
((396.51542602917317, 1677.646236673731), (396.51542602917317, 1855.292473347462))
((396.51542602917317, 1677.646236673731), (550.361579875327, 1588.8231183368655))
((396.51542602917317, 1677.646236673731), (550.361579875327, 1766.4693550105965))
((396.51542602917317, 1855.292473347462), (357.28231653095156, 2025.0595568117217))
((396.51542602917317, 1855.292473347462), (550.1227692541386, 1907.4215750164637))
((396.51542602917317, 1855.292473347462), (550.361579875327, 1766.4693550105965))
((396.51542602917317, 2388.2311833686554), (396.51542602917317, 2565.877420042386))
((396.51542602917317, 2388.2311833686554), (550.361579875327, 2477.0543017055206))
((396.51542602917317, 2388.2311833686554), (554.2910589340763, 2392.838099965568))
((396.51542602917317, 256.4763432838829), (396.51542602917317, 434.12257995761394))
((396.51542602917317, 256.4763432838829), (550.361579875327, 167.6532249470174))
((396.51542602917317, 256.4763432838829), (550.361579875327, 345.29946162074845))
((396.51542602917317, 2565.877420042386), (396.51542602917317, 2743.5236567161173))
((396.51542602917317, 2565.877420042386), (550.361579875327, 2477.0543017055206))
((396.51542602917317, 2565.877420042386), (550.361579875327, 2654.700538379251))
((396.51542602917317, 2743.5236567161173), (396.51542602917317, 2921.169893389848))
((396.51542602917317, 2743.5236567161173), (550.361579875327, 2654.700538379251))
((396.51542602917317, 2743.5236567161173), (550.361579875327, 2832.3467750529826))
((396.51542602917317, 2921.169893389848), (550.361579875327, 2832.3467750529826))
((396.51542602917317, 434.12257995761394), (396.51542602917317, 611.768816631345))
((396.51542602917317, 434.12257995761394), (550.361579875327, 345.29946162074845))
((396.51542602917317, 434.12257995761394), (550.361579875327, 522.9456982944794))
((396.51542602917317, 611.768816631345), (337.7424702342015, 729.1163066299197))
((396.51542602917317, 611.768816631345), (550.361579875327, 522.9456982944794))
((396.51542602917317, 611.768816631345), (557.783778106655, 609.053909172708))
((396.51542602917317, 78.83010661015192), (396.51542602917317, 256.4763432838829))
((396.51542602917317, 78.83010661015192), (550.361579875327, 167.6532249470174))
((396.51542602917317, 78.83010661015192), (704.2077337214808, 78.83010661015192))
((481.0, 850.0), (509.8937554029867, 879.106993450241))
((482.0, 2150.0), (510.89375540298664, 2179.106993450241))
((509.8937554029867, 879.106993450241), (451.8930065497592, 878.8937554029864))
((510.89375540298664, 2179.106993450241), (452.89300654975386, 2178.8937554029917))
((540.0, 2092.0), (568.8937554029867, 2121.106993450241))
((540.0, 2150.0), (568.8937554029867, 2179.106993450241))
((540.0, 2208.0), (568.8937554029867, 2237.106993450241))
((540.0, 791.0), (568.8937554029867, 820.106993450241))
((540.0, 850.0), (568.8937554029867, 879.106993450241))
((540.0, 909.0), (568.8937554029867, 938.106993450241))
((543.5000336597054, 860.5328087308492), (547.305620588919, 1109.885624279934))
((543.5000336597054, 860.5328087308492), (753.376051771058, 996.6839352488487))
((543.5000336597054, 860.5328087308492), (795.2886818420014, 739.4073692691093))
((544.9033633147544, 2141.807204293042), (554.2910589340763, 2392.838099965568))
((544.9033633147544, 2141.807204293042), (777.8250859791084, 2255.6239314430404))
((544.9033633147544, 2141.807204293042), (781.317805151687, 1988.0563028241113))
((547.305620588919, 1109.885624279934), (550.361579875327, 1233.5306449894035))
((547.305620588919, 1109.885624279934), (704.2077337214808, 1144.707526652538))
((547.305620588919, 1109.885624279934), (753.376051771058, 996.6839352488487))
((550.1227692541386, 1907.4215750164637), (544.9033633147544, 2141.807204293042))
((550.1227692541386, 1907.4215750164637), (704.2077337214808, 1855.292473347462))
((550.1227692541386, 1907.4215750164637), (781.317805151687, 1988.0563028241113))
((550.361579875327, 1233.5306449894035), (550.361579875327, 1411.1768816631345))
((550.361579875327, 1233.5306449894035), (704.2077337214808, 1144.707526652538))
((550.361579875327, 1233.5306449894035), (704.2077337214808, 1322.353763326269))
((550.361579875327, 1411.1768816631345), (550.361579875327, 1588.8231183368655))
((550.361579875327, 1411.1768816631345), (704.2077337214808, 1322.353763326269))
((550.361579875327, 1411.1768816631345), (704.2077337214808, 1500.0))
((550.361579875327, 1588.8231183368655), (550.361579875327, 1766.4693550105965))
((550.361579875327, 1588.8231183368655), (704.2077337214808, 1500.0))
((550.361579875327, 1588.8231183368655), (704.2077337214808, 1677.646236673731))
((550.361579875327, 167.6532249470174), (550.361579875327, 345.29946162074845))
((550.361579875327, 167.6532249470174), (704.2077337214808, 256.4763432838829))
((550.361579875327, 167.6532249470174), (704.2077337214808, 78.83010661015192))
((550.361579875327, 1766.4693550105965), (550.1227692541386, 1907.4215750164637))
((550.361579875327, 1766.4693550105965), (704.2077337214808, 1677.646236673731))
((550.361579875327, 1766.4693550105965), (704.2077337214808, 1855.292473347462))
((550.361579875327, 2477.0543017055206), (550.361579875327, 2654.700538379251))
((550.361579875327, 2477.0543017055206), (704.2077337214808, 2388.2311833686554))
((550.361579875327, 2477.0543017055206), (704.2077337214808, 2565.877420042386))
((550.361579875327, 2654.700538379251), (550.361579875327, 2832.3467750529826))
((550.361579875327, 2654.700538379251), (704.2077337214808, 2565.877420042386))
((550.361579875327, 2654.700538379251), (704.2077337214808, 2743.5236567161173))
((550.361579875327, 2832.3467750529826), (704.2077337214808, 2743.5236567161173))
((550.361579875327, 345.29946162074845), (550.361579875327, 522.9456982944794))
((550.361579875327, 345.29946162074845), (704.2077337214808, 256.4763432838829))
((550.361579875327, 345.29946162074845), (704.2077337214808, 434.12257995761394))
((550.361579875327, 522.9456982944794), (557.783778106655, 609.053909172708))
((550.361579875327, 522.9456982944794), (704.2077337214808, 434.12257995761394))
((550.361579875327, 522.9456982944794), (704.2077337214808, 611.768816631345))
((554.2910589340763, 2392.838099965568), (550.361579875327, 2477.0543017055206))
((554.2910589340763, 2392.838099965568), (704.2077337214808, 2388.2311833686554))
((554.2910589340763, 2392.838099965568), (777.8250859791084, 2255.6239314430404))
((557.783778106655, 609.053909172708), (543.5000336597054, 860.5328087308492))
((557.783778106655, 609.053909172708), (704.2077337214808, 611.768816631345))
((557.783778106655, 609.053909172708), (795.2886818420014, 739.4073692691093))
((568.8937554029867, 2121.106993450241), (510.8930065497537, 2120.8937554029917))
((568.8937554029867, 2179.106993450241), (510.8930065497599, 2178.893755402986))
((568.8937554029867, 2237.106993450241), (510.8930065497598, 2236.8937554029853))
((568.8937554029867, 820.106993450241), (510.8930065497603, 819.8937554029853))
((568.8937554029867, 879.106993450241), (510.89300654976273, 878.8937554029828))
((568.8937554029867, 938.106993450241), (510.8930065497581, 937.8937554029877))
((598.0, 2150.0), (626.8937554029867, 2179.106993450241))
((599.0, 850.0), (627.8937554029867, 879.106993450241))
((626.8937554029867, 2179.106993450241), (568.8930065497627, 2178.8937554029826))
((627.8937554029867, 879.106993450241), (569.8930065497605, 878.8937554029853))
((704.2077337214808, 1144.707526652538), (704.2077337214808, 1322.353763326269))
((704.2077337214808, 1144.707526652538), (858.0538875676347, 1055.8844083156723))
((704.2077337214808, 1144.707526652538), (858.0538875676347, 1233.5306449894035))
((704.2077337214808, 1322.353763326269), (704.2077337214808, 1500.0))
((704.2077337214808, 1322.353763326269), (858.0538875676347, 1233.5306449894035))
((704.2077337214808, 1322.353763326269), (858.0538875676347, 1411.1768816631345))
((704.2077337214808, 1500.0), (704.2077337214808, 1677.646236673731))
((704.2077337214808, 1500.0), (858.0538875676347, 1411.1768816631345))
((704.2077337214808, 1500.0), (858.0538875676347, 1588.8231183368655))
((704.2077337214808, 1677.646236673731), (704.2077337214808, 1855.292473347462))
((704.2077337214808, 1677.646236673731), (858.0538875676347, 1588.8231183368655))
((704.2077337214808, 1677.646236673731), (858.0538875676347, 1766.4693550105965))
((704.2077337214808, 1855.292473347462), (781.317805151687, 1988.0563028241113))
((704.2077337214808, 1855.292473347462), (858.0538875676347, 1766.4693550105965))
((704.2077337214808, 1855.292473347462), (858.0538875676347, 1944.1155916843275))
((704.2077337214808, 2388.2311833686554), (704.2077337214808, 2565.877420042386))
((704.2077337214808, 2388.2311833686554), (858.0538875676347, 2299.408065031789))
((704.2077337214808, 2388.2311833686554), (858.0538875676347, 2477.0543017055206))
((704.2077337214808, 256.4763432838829), (704.2077337214808, 434.12257995761394))
((704.2077337214808, 256.4763432838829), (858.0538875676347, 167.6532249470174))
((704.2077337214808, 256.4763432838829), (858.0538875676347, 345.29946162074845))
((704.2077337214808, 2565.877420042386), (704.2077337214808, 2743.5236567161173))
((704.2077337214808, 2565.877420042386), (858.0538875676347, 2477.0543017055206))
((704.2077337214808, 2565.877420042386), (858.0538875676347, 2654.700538379251))
((704.2077337214808, 2743.5236567161173), (858.0538875676347, 2654.700538379251))
((704.2077337214808, 2743.5236567161173), (858.0538875676347, 2832.3467750529826))
((704.2077337214808, 434.12257995761394), (704.2077337214808, 611.768816631345))
((704.2077337214808, 434.12257995761394), (858.0538875676347, 345.29946162074845))
((704.2077337214808, 434.12257995761394), (858.0538875676347, 522.9456982944794))
((704.2077337214808, 611.768816631345), (795.2886818420014, 739.4073692691093))
((704.2077337214808, 611.768816631345), (858.0538875676347, 522.9456982944794))
((704.2077337214808, 611.768816631345), (858.0538875676347, 700.5919349682105))
((704.2077337214808, 78.83010661015192), (704.2077337214808, 256.4763432838829))
((704.2077337214808, 78.83010661015192), (858.0538875676347, 167.6532249470174))
((753.376051771058, 996.6839352488487), (704.2077337214808, 1144.707526652538))
((753.376051771058, 996.6839352488487), (858.0538875676347, 1055.8844083156723))
((753.376051771058, 996.6839352488487), (858.0538875676347, 878.2381716419414))
((777.8250859791084, 2255.6239314430404), (704.2077337214808, 2388.2311833686554))
((777.8250859791084, 2255.6239314430404), (858.0538875676347, 2121.7618283580587))
((777.8250859791084, 2255.6239314430404), (858.0538875676347, 2299.408065031789))
((781.317805151687, 1988.0563028241113), (777.8250859791084, 2255.6239314430404))
((781.317805151687, 1988.0563028241113), (858.0538875676347, 1944.1155916843275))
((781.317805151687, 1988.0563028241113), (858.0538875676347, 2121.7618283580587))
((795.2886818420014, 739.4073692691093), (753.376051771058, 996.6839352488487))
((795.2886818420014, 739.4073692691093), (858.0538875676347, 700.5919349682105))
((795.2886818420014, 739.4073692691093), (858.0538875676347, 878.2381716419414))
((858.0538875676347, 1055.8844083156723), (1011.9000414137886, 1144.707526652538))
((858.0538875676347, 1055.8844083156723), (1011.9000414137886, 967.0612899788069))
((858.0538875676347, 1055.8844083156723), (858.0538875676347, 1233.5306449894035))
((858.0538875676347, 1233.5306449894035), (1011.9000414137886, 1144.707526652538))
((858.0538875676347, 1233.5306449894035), (1011.9000414137886, 1322.353763326269))
((858.0538875676347, 1233.5306449894035), (858.0538875676347, 1411.1768816631345))
((858.0538875676347, 1411.1768816631345), (1011.9000414137886, 1322.353763326269))
((858.0538875676347, 1411.1768816631345), (1011.9000414137886, 1500.0))
((858.0538875676347, 1411.1768816631345), (858.0538875676347, 1588.8231183368655))
((858.0538875676347, 1588.8231183368655), (1011.9000414137886, 1500.0))
((858.0538875676347, 1588.8231183368655), (1011.9000414137886, 1677.646236673731))
((858.0538875676347, 1588.8231183368655), (858.0538875676347, 1766.4693550105965))
((858.0538875676347, 167.6532249470174), (1018.5043535151647, 220.65233740915983))
((858.0538875676347, 167.6532249470174), (858.0538875676347, 345.29946162074845))
((858.0538875676347, 1766.4693550105965), (1011.9000414137886, 1677.646236673731))
((858.0538875676347, 1766.4693550105965), (1011.9000414137886, 1855.292473347462))
((858.0538875676347, 1766.4693550105965), (858.0538875676347, 1944.1155916843275))
((858.0538875676347, 1944.1155916843275), (1011.9000414137886, 1855.292473347462))
((858.0538875676347, 1944.1155916843275), (1011.9000414137886, 2032.938710021193))
((858.0538875676347, 1944.1155916843275), (858.0538875676347, 2121.7618283580587))
((858.0538875676347, 2121.7618283580587), (1011.9000414137886, 2032.938710021193))
((858.0538875676347, 2121.7618283580587), (1011.9000414137886, 2210.584946694924))
((858.0538875676347, 2121.7618283580587), (858.0538875676347, 2299.408065031789))
((858.0538875676347, 2299.408065031789), (1011.9000414137886, 2210.584946694924))
((858.0538875676347, 2299.408065031789), (1011.9000414137886, 2388.2311833686554))
((858.0538875676347, 2299.408065031789), (858.0538875676347, 2477.0543017055206))
((858.0538875676347, 2477.0543017055206), (1011.9000414137886, 2388.2311833686554))
((858.0538875676347, 2477.0543017055206), (858.0538875676347, 2654.700538379251))
((858.0538875676347, 2477.0543017055206), (998.0875476297405, 2562.66513361605))
((858.0538875676347, 2654.700538379251), (858.0538875676347, 2832.3467750529826))
((858.0538875676347, 2654.700538379251), (992.0987136942379, 2749.70952467051))
((858.0538875676347, 2654.700538379251), (998.0875476297405, 2562.66513361605))
((858.0538875676347, 2832.3467750529826), (992.0987136942379, 2749.70952467051))
((858.0538875676347, 345.29946162074845), (1018.5043535151647, 220.65233740915983))
((858.0538875676347, 345.29946162074845), (858.0538875676347, 522.9456982944794))
((858.0538875676347, 345.29946162074845), (980.0045373743505, 461.2508858106223))
((858.0538875676347, 522.9456982944794), (1011.9000414137886, 611.768816631345))
((858.0538875676347, 522.9456982944794), (858.0538875676347, 700.5919349682105))
((858.0538875676347, 522.9456982944794), (980.0045373743505, 461.2508858106223))
((858.0538875676347, 700.5919349682105), (1011.9000414137886, 611.768816631345))
((858.0538875676347, 700.5919349682105), (1011.9000414137886, 789.415053305076))
((858.0538875676347, 700.5919349682105), (858.0538875676347, 878.2381716419414))
((858.0538875676347, 878.2381716419414), (1011.9000414137886, 789.415053305076))
((858.0538875676347, 878.2381716419414), (1011.9000414137886, 967.0612899788069))
((858.0538875676347, 878.2381716419414), (858.0538875676347, 1055.8844083156723))
((88.8231183368655, 1144.707526652538), (242.66927218301936, 1055.8844083156723))
((88.8231183368655, 1144.707526652538), (242.66927218301936, 1233.5306449894035))
((88.8231183368655, 1144.707526652538), (88.8231183368655, 1322.353763326269))
((88.8231183368655, 1322.353763326269), (242.66927218301936, 1233.5306449894035))
((88.8231183368655, 1322.353763326269), (242.66927218301936, 1411.1768816631345))
((88.8231183368655, 1322.353763326269), (88.8231183368655, 1500.0))
((88.8231183368655, 1500.0), (242.66927218301936, 1411.1768816631345))
((88.8231183368655, 1500.0), (242.66927218301936, 1588.8231183368655))
((88.8231183368655, 1500.0), (88.8231183368655, 1677.646236673731))
((88.8231183368655, 1677.646236673731), (242.66927218301936, 1588.8231183368655))
((88.8231183368655, 1677.646236673731), (242.66927218301936, 1766.4693550105965))
((88.8231183368655, 1677.646236673731), (88.8231183368655, 1855.292473347462))
((88.8231183368655, 1855.292473347462), (242.66927218301936, 1766.4693550105965))
((88.8231183368655, 1855.292473347462), (242.66927218301936, 1944.1155916843275))
((88.8231183368655, 1855.292473347462), (88.8231183368655, 2032.938710021193))
((88.8231183368655, 2032.938710021193), (242.66927218301936, 1944.1155916843275))
((88.8231183368655, 2032.938710021193), (242.66927218301936, 2121.7618283580587))
((88.8231183368655, 2032.938710021193), (88.8231183368655, 2210.584946694924))
((88.8231183368655, 2210.584946694924), (242.66927218301936, 2121.7618283580587))
((88.8231183368655, 2210.584946694924), (242.66927218301936, 2299.408065031789))
((88.8231183368655, 2210.584946694924), (88.8231183368655, 2388.2311833686554))
((88.8231183368655, 2388.2311833686554), (242.66927218301936, 2299.408065031789))
((88.8231183368655, 2388.2311833686554), (242.66927218301936, 2477.0543017055206))
((88.8231183368655, 2388.2311833686554), (88.8231183368655, 2565.877420042386))
((88.8231183368655, 256.4763432838829), (242.66927218301936, 167.6532249470174))
((88.8231183368655, 256.4763432838829), (242.66927218301936, 345.29946162074845))
((88.8231183368655, 256.4763432838829), (88.8231183368655, 434.12257995761394))
((88.8231183368655, 2565.877420042386), (242.66927218301936, 2477.0543017055206))
((88.8231183368655, 2565.877420042386), (242.66927218301936, 2654.700538379251))
((88.8231183368655, 2565.877420042386), (88.8231183368655, 2743.5236567161173))
((88.8231183368655, 2743.5236567161173), (242.66927218301936, 2654.700538379251))
((88.8231183368655, 2743.5236567161173), (242.66927218301936, 2832.3467750529826))
((88.8231183368655, 2743.5236567161173), (88.8231183368655, 2921.169893389848))
((88.8231183368655, 2921.169893389848), (242.66927218301936, 2832.3467750529826))
((88.8231183368655, 2921.169893389848), (396.51542602917317, 2921.169893389848))
((88.8231183368655, 434.12257995761394), (242.66927218301936, 345.29946162074845))
((88.8231183368655, 434.12257995761394), (242.66927218301936, 522.9456982944794))
((88.8231183368655, 434.12257995761394), (88.8231183368655, 611.768816631345))
((88.8231183368655, 611.768816631345), (242.66927218301936, 522.9456982944794))
((88.8231183368655, 611.768816631345), (242.66927218301936, 700.5919349682105))
((88.8231183368655, 611.768816631345), (88.8231183368655, 789.415053305076))
((88.8231183368655, 78.83010661015192), (242.66927218301936, 167.6532249470174))
((88.8231183368655, 78.83010661015192), (396.51542602917317, 78.83010661015192))
((88.8231183368655, 78.83010661015192), (88.8231183368655, 256.4763432838829))
((88.8231183368655, 789.415053305076), (242.66927218301936, 700.5919349682105))
((88.8231183368655, 789.415053305076), (242.66927218301936, 878.2381716419414))
((88.8231183368655, 789.415053305076), (88.8231183368655, 967.0612899788069))
((88.8231183368655, 967.0612899788069), (242.66927218301936, 1055.8844083156723))
((88.8231183368655, 967.0612899788069), (242.66927218301936, 878.2381716419414))
((88.8231183368655, 967.0612899788069), (88.8231183368655, 1144.707526652538))
((980.0045373743505, 461.2508858106223), (1011.9000414137886, 611.768816631345))
((980.0045373743505, 461.2508858106223), (1175.8148952052768, 319.02705823152786))
((980.0045373743505, 461.2508858106223), (1176.0979928233926, 555.7636602959765))
((992.0987136942379, 2749.70952467051), (1187.5041223473038, 2851.0374625558006))
((992.0987136942379, 2749.70952467051), (1201.1748808437653, 2665.9698241542587))
((998.0875476297405, 2562.66513361605), (1165.7461952599424, 2477.0543017055206))
((998.0875476297405, 2562.66513361605), (1201.1748808437653, 2665.9698241542587))
((998.0875476297405, 2562.66513361605), (992.0987136942379, 2749.70952467051))
Fin Chargement  0.33575916290283203
FIN GEOGEBRA  0.04150533676147461
GEOGEBRA
ROADMAP  0.041524648666381836
